Determining if the pthread_create exist failed with the following output:
Change Dir: /home/lilith/Labo/C/Lab/shoot_me/cmake-build-debug/CMakeFiles/CMakeTmp

Run Build Command:"/usr/bin/make" "cmTC_8555a/fast"
/usr/bin/make -f CMakeFiles/cmTC_8555a.dir/build.make CMakeFiles/cmTC_8555a.dir/build
make[1] : on entre dans le répertoire « /home/lilith/Labo/C/Lab/shoot_me/cmake-build-debug/CMakeFiles/CMakeTmp »
Building C object CMakeFiles/cmTC_8555a.dir/CheckSymbolExists.c.o
/usr/bin/cc   -std=gnu99 -o CMakeFiles/cmTC_8555a.dir/CheckSymbolExists.c.o   -c /home/lilith/Labo/C/Lab/shoot_me/cmake-build-debug/CMakeFiles/CMakeTmp/CheckSymbolExists.c
Linking C executable cmTC_8555a
/home/lilith/.local/share/JetBrains/Toolbox/apps/CLion/ch-0/182.5107.21/bin/cmake/linux/bin/cmake -E cmake_link_script CMakeFiles/cmTC_8555a.dir/link.txt --verbose=1
/usr/bin/cc      CMakeFiles/cmTC_8555a.dir/CheckSymbolExists.c.o  -o cmTC_8555a 
CMakeFiles/cmTC_8555a.dir/CheckSymbolExists.c.o : Dans la fonction « main » :
CheckSymbolExists.c:(.text+0x1b) : référence indéfinie vers « pthread_create »
collect2: error: ld returned 1 exit status
CMakeFiles/cmTC_8555a.dir/build.make:86 : la recette pour la cible « cmTC_8555a » a échouée
make[1]: *** [cmTC_8555a] Erreur 1
make[1] : on quitte le répertoire « /home/lilith/Labo/C/Lab/shoot_me/cmake-build-debug/CMakeFiles/CMakeTmp »
Makefile:121 : la recette pour la cible « cmTC_8555a/fast » a échouée
make: *** [cmTC_8555a/fast] Erreur 2

File /home/lilith/Labo/C/Lab/shoot_me/cmake-build-debug/CMakeFiles/CMakeTmp/CheckSymbolExists.c:
/* */
#include <pthread.h>

int main(int argc, char** argv)
{
  (void)argv;
#ifndef pthread_create
  return ((int*)(&pthread_create))[argc];
#else
  (void)argc;
  return 0;
#endif
}

Determining if the function pthread_create exists in the pthreads failed with the following output:
Change Dir: /home/lilith/Labo/C/Lab/shoot_me/cmake-build-debug/CMakeFiles/CMakeTmp

Run Build Command:"/usr/bin/make" "cmTC_22068/fast"
/usr/bin/make -f CMakeFiles/cmTC_22068.dir/build.make CMakeFiles/cmTC_22068.dir/build
make[1] : on entre dans le répertoire « /home/lilith/Labo/C/Lab/shoot_me/cmake-build-debug/CMakeFiles/CMakeTmp »
Building C object CMakeFiles/cmTC_22068.dir/CheckFunctionExists.c.o
/usr/bin/cc   -DCHECK_FUNCTION_EXISTS=pthread_create   -std=gnu99 -o CMakeFiles/cmTC_22068.dir/CheckFunctionExists.c.o   -c /home/lilith/.local/share/JetBrains/Toolbox/apps/CLion/ch-0/182.5107.21/bin/cmake/linux/share/cmake-3.12/Modules/CheckFunctionExists.c
Linking C executable cmTC_22068
/home/lilith/.local/share/JetBrains/Toolbox/apps/CLion/ch-0/182.5107.21/bin/cmake/linux/bin/cmake -E cmake_link_script CMakeFiles/cmTC_22068.dir/link.txt --verbose=1
/usr/bin/cc  -DCHECK_FUNCTION_EXISTS=pthread_create    CMakeFiles/cmTC_22068.dir/CheckFunctionExists.c.o  -o cmTC_22068 -lpthreads 
/usr/bin/ld : ne peut trouver -lpthreads
collect2: error: ld returned 1 exit status
CMakeFiles/cmTC_22068.dir/build.make:86 : la recette pour la cible « cmTC_22068 » a échouée
make[1]: *** [cmTC_22068] Erreur 1
make[1] : on quitte le répertoire « /home/lilith/Labo/C/Lab/shoot_me/cmake-build-debug/CMakeFiles/CMakeTmp »
Makefile:121 : la recette pour la cible « cmTC_22068/fast » a échouée
make: *** [cmTC_22068/fast] Erreur 2


